c:\users\admin\source\repos\piotrrogulski\gk2_lab5\shadery\gk-lab3\x64\debug\directxutils.pdb
c:\users\admin\source\repos\piotrrogulski\gk2_lab5\shadery\gk-lab3\x64\debug\directxutils.idb
c:\users\admin\source\repos\piotrrogulski\gk2_lab5\shadery\mini-common\directxutils\x64\debug\wictextureloader.obj
c:\users\admin\source\repos\piotrrogulski\gk2_lab5\shadery\mini-common\directxutils\x64\debug\windowapplication.obj
c:\users\admin\source\repos\piotrrogulski\gk2_lab5\shadery\mini-common\directxutils\x64\debug\window.obj
c:\users\admin\source\repos\piotrrogulski\gk2_lab5\shadery\mini-common\directxutils\x64\debug\viewfrustrum.obj
c:\users\admin\source\repos\piotrrogulski\gk2_lab5\shadery\mini-common\directxutils\x64\debug\vertexdef.obj
c:\users\admin\source\repos\piotrrogulski\gk2_lab5\shadery\mini-common\directxutils\x64\debug\spriterenderer.obj
c:\users\admin\source\repos\piotrrogulski\gk2_lab5\shadery\mini-common\directxutils\x64\debug\model.obj
c:\users\admin\source\repos\piotrrogulski\gk2_lab5\shadery\mini-common\directxutils\x64\debug\inputelements.obj
c:\users\admin\source\repos\piotrrogulski\gk2_lab5\shadery\mini-common\directxutils\x64\debug\mesh.obj
c:\users\admin\source\repos\piotrrogulski\gk2_lab5\shadery\mini-common\directxutils\x64\debug\material.obj
c:\users\admin\source\repos\piotrrogulski\gk2_lab5\shadery\mini-common\directxutils\x64\debug\inputlayoutmanager.obj
c:\users\admin\source\repos\piotrrogulski\gk2_lab5\shadery\mini-common\directxutils\x64\debug\exceptions.obj
c:\users\admin\source\repos\piotrrogulski\gk2_lab5\shadery\mini-common\directxutils\x64\debug\effect.obj
c:\users\admin\source\repos\piotrrogulski\gk2_lab5\shadery\mini-common\directxutils\x64\debug\dxswapchain.obj
c:\users\admin\source\repos\piotrrogulski\gk2_lab5\shadery\mini-common\directxutils\x64\debug\dxdevice.obj
c:\users\admin\source\repos\piotrrogulski\gk2_lab5\shadery\mini-common\directxutils\x64\debug\dxapplication.obj
c:\users\admin\source\repos\piotrrogulski\gk2_lab5\shadery\mini-common\directxutils\x64\debug\ddstextureloader.obj
c:\users\admin\source\repos\piotrrogulski\gk2_lab5\shadery\mini-common\directxutils\x64\debug\constantbuffer.obj
c:\users\admin\source\repos\piotrrogulski\gk2_lab5\shadery\mini-common\directxutils\x64\debug\camera.obj
c:\users\admin\source\repos\piotrrogulski\gk2_lab5\shadery\mini-common\directxutils\spriteps.h
c:\users\admin\source\repos\piotrrogulski\gk2_lab5\shadery\mini-common\directxutils\spritevs.h
c:\users\admin\source\repos\piotrrogulski\gk2_lab5\shadery\gk-lab3\x64\debug\directxutils.lib
c:\users\admin\source\repos\piotrrogulski\gk2_lab5\shadery\mini-common\directxutils\x64\debug\directxutils.tlog\cl.command.1.tlog
c:\users\admin\source\repos\piotrrogulski\gk2_lab5\shadery\mini-common\directxutils\x64\debug\directxutils.tlog\cl.read.1.tlog
c:\users\admin\source\repos\piotrrogulski\gk2_lab5\shadery\mini-common\directxutils\x64\debug\directxutils.tlog\cl.write.1.tlog
c:\users\admin\source\repos\piotrrogulski\gk2_lab5\shadery\mini-common\directxutils\x64\debug\directxutils.tlog\fxc.command.1.tlog
c:\users\admin\source\repos\piotrrogulski\gk2_lab5\shadery\mini-common\directxutils\x64\debug\directxutils.tlog\fxc.read.1.tlog
c:\users\admin\source\repos\piotrrogulski\gk2_lab5\shadery\mini-common\directxutils\x64\debug\directxutils.tlog\fxc.write.1.tlog
c:\users\admin\source\repos\piotrrogulski\gk2_lab5\shadery\mini-common\directxutils\x64\debug\directxutils.tlog\lib-link.read.1.tlog
c:\users\admin\source\repos\piotrrogulski\gk2_lab5\shadery\mini-common\directxutils\x64\debug\directxutils.tlog\lib-link.write.1.tlog
c:\users\admin\source\repos\piotrrogulski\gk2_lab5\shadery\mini-common\directxutils\x64\debug\directxutils.tlog\lib.command.1.tlog
